<?xml version="1.0" encoding="UTF-8"?>
<testng-results skipped="0" failed="0" total="1" passed="1">
  <reporter-output>
  </reporter-output>
  <suite name="Suite" duration-ms="18824" started-at="2016-08-26T11:22:36Z" finished-at="2016-08-26T11:22:55Z">
    <groups>
    </groups>
    <test name="Test" duration-ms="18824" started-at="2016-08-26T11:22:36Z" finished-at="2016-08-26T11:22:55Z">
      <class name="guru99.gittest.AppTest">
        <test-method status="PASS" signature="beforeTest()[pri:0, instance:guru99.gittest.AppTest@be2bc2]" name="beforeTest" is-config="true" duration-ms="15194" started-at="2016-08-26T16:52:36Z" finished-at="2016-08-26T16:52:52Z">
          <reporter-output>
          </reporter-output>
        </test-method> <!-- beforeTest -->
        <test-method status="PASS" signature="testEasy()[pri:0, instance:guru99.gittest.AppTest@be2bc2]" name="testEasy" duration-ms="3033" started-at="2016-08-26T16:52:52Z" finished-at="2016-08-26T16:52:55Z">
          <reporter-output>
          </reporter-output>
        </test-method> <!-- testEasy -->
        <test-method status="PASS" signature="afterTest()[pri:0, instance:guru99.gittest.AppTest@be2bc2]" name="afterTest" is-config="true" duration-ms="561" started-at="2016-08-26T16:52:55Z" finished-at="2016-08-26T16:52:55Z">
          <reporter-output>
          </reporter-output>
        </test-method> <!-- afterTest -->
      </class> <!-- guru99.gittest.AppTest -->
    </test> <!-- Test -->
  </suite> <!-- Suite -->
</testng-results>
